<?xml version="1.0" encoding="UTF-8"?>
<testsuite name="UnitTest" tests="1" skipped="0" failures="0" errors="0" timestamp="2021-09-06T03:53:17" hostname="MACs-MacBook-Pro.local" time="1.282">
  <properties/>
  <testcase name="should_perform_addition()" classname="UnitTest" time="1.282"/>
  <system-out><![CDATA[]]></system-out>
  <system-err><![CDATA[]]></system-err>
</testsuite>
